<?xml version="1.0" encoding="UTF-8"?>
<!-- Generated by org.testng.reporters.JUnitXMLReporter -->
<testsuite ignored="0" hostname="Rv" failures="0" tests="3" name="Default test" time="166.346" errors="0" timestamp="2024-05-01T12:34:32 IST">
  <testcase classname="main.LoginTestCases" name="loginIntoApp" time="11.465"/>
  <testcase classname="main.LoginTestCases" name="loginIntoApp" time="44.667"/>
  <testcase classname="main.LoginTestCases" name="loginIntoApp" time="74.692"/>
</testsuite> <!-- Default test -->
