<?xml version="1.0" encoding="UTF-8"?>
<!-- Generated by org.testng.reporters.JUnitXMLReporter -->
<testsuite ignored="0" hostname="Rv" failures="1" tests="1" name="Test" time="27.072" errors="0" timestamp="2024-05-01T19:09:57 IST">
  <testcase classname="main.endToEnd" name="fillForm" time="20.577">
    <failure type="java.lang.AssertionError" message="expected [131.0] but found [270.97]">
      <![CDATA[java.lang.AssertionError: expected [131.0] but found [270.97]
at main.endToEnd.fillForm(endToEnd.java:55)
at java.base/java.util.ArrayList.forEach(ArrayList.java:1511)
... Removed 31 stack frames]]>
    </failure>
  </testcase> <!-- fillForm -->
</testsuite> <!-- Test -->
